-------------------------------------------------
The trace creation timestamp is: Tue Dec 01 20:03:47 20
The executable build timestamp is: Thu Aug 22 08:25:42 19
The datecode is: 2019224
The pro machine type is: x86e_win64
The process ID is: 14072
The traceback type is : CRASH
The logger exit status is: 00003
The Trail is: trail.txt.78
The release is: 6.0
The product version is: 6.0.2.0
The product title is: Creo Parametric
-------------------------------------------------
Exception EXCEPTION_ACCESS_VIOLATION has occurred in the thread 10976.

Main Thread 10976
=====================
0x00007FF6496A6A53	NULL (NULL:0) (xtop:0x00007FF641AE0000) ( 0x0, 0xfffffffd, 0x0, 0x0 ) 
0x00007FF649308F6B	NULL (NULL:0) (xtop:0x00007FF641AE0000) ( 0x39570230, 0x0, 0x0, 0x0 ) 
0x00007FF649910461	NULL (NULL:0) (xtop:0x00007FF641AE0000) ( 0x3a3919f8, 0x494112d2, 0x1, 0x498c54de ) 
0x00007FF649901C9E	NULL (NULL:0) (xtop:0x00007FF641AE0000) ( 0x415ab1d8, 0x12765d38, 0x415ab2f0, 0xfb1b650 ) 
0x00007FF649337CC4	NULL (NULL:0) (xtop:0x00007FF641AE0000) ( 0x0, 0xfb1b650, 0xc431b80, 0x0 ) 
0x00007FF6493379AE	NULL (NULL:0) (xtop:0x00007FF641AE0000) ( 0xfb1b650, 0x0, 0x415ab2d0, 0x0 ) 
0x00007FF643F8B5BC	NULL (NULL:0) (xtop:0x00007FF641AE0000) ( 0x0, 0xfb1b810, 0x415ab410, 0x415ab488 ) 
0x00007FF643F8AF8E	NULL (NULL:0) (xtop:0x00007FF641AE0000) ( 0xfb1b650, 0x0, 0x0, 0x42b12878 ) 
0x00007FF643F9C6F0	NULL (NULL:0) (xtop:0x00007FF641AE0000) ( 0xfb1b650, 0x0, 0x3c8dcd00, 0x3c8dcd00 ) 
0x00007FF642958628	NULL (NULL:0) (xtop:0x00007FF641AE0000) ( 0x1, 0xd, 0x0, 0x1 ) 
0x00007FF64295834D	NULL (NULL:0) (xtop:0x00007FF641AE0000) ( 0x415ab6e0, 0x415ab7f0, 0xfb1b650, 0x415ab6e0 ) 
0x00007FF642942F0D	NULL (NULL:0) (xtop:0x00007FF641AE0000) ( 0xffffffff, 0x0, 0x0, 0x0 ) 
0x00007FF642942A7F	NULL (NULL:0) (xtop:0x00007FF641AE0000) ( 0xd, 0x0, 0xd, 0x0 ) 
0x00007FF644FCF6B7	NULL (NULL:0) (xtop:0x00007FF641AE0000) ( 0xfb1b650, 0xfb1b650, 0x0, 0x0 ) 
0x00007FF644FCF16A	NULL (NULL:0) (xtop:0x00007FF641AE0000) ( 0xfb1b650, 0x0, 0x1, 0x0 ) 
0x00007FF644FCF0AD	NULL (NULL:0) (xtop:0x00007FF641AE0000) ( 0xfb1b650, 0x3c7ad208, 0x0, 0x415ab8d0 ) 
0x00007FF647B908E4	NULL (NULL:0) (xtop:0x00007FF641AE0000) ( 0xffffffff, 0x3c7ad208, 0x2, 0x1 ) 
0x00007FF644FC8A87	NULL (NULL:0) (xtop:0x00007FF641AE0000) ( 0x0, 0x4, 0x1, 0x445dc9c7 ) 
0x00007FF642931087	NULL (NULL:0) (xtop:0x00007FF641AE0000) ( 0x4, 0x7, 0x415abb10, 0x0 ) 
0x00007FF644FC8A1B	NULL (NULL:0) (xtop:0x00007FF641AE0000) ( 0x4, 0x4292fb1d, 0x488c01d8, 0x24c31c75 ) 
0x00007FF6429023B5	NULL (NULL:0) (xtop:0x00007FF641AE0000) ( 0x0, 0x415abba0, 0x0, 0x0 ) 
0x00007FF642928159	NULL (NULL:0) (xtop:0x00007FF641AE0000) ( 0x2, 0x400, 0x415abb10, 0x3 ) 
0x00007FF6429134E4	NULL (NULL:0) (xtop:0x00007FF641AE0000) ( 0x4000, 0x2, 0x0, 0x415ac940 ) 
0x00007FF64292A66A	NULL (NULL:0) (xtop:0x00007FF641AE0000) ( 0x2, 0xffffffff, 0x1000, 0x2 ) 
0x00007FF64292904F	NULL (NULL:0) (xtop:0x00007FF641AE0000) ( 0x2, 0x0, 0x1000, 0x0 ) 
0x00007FF6429050EC	NULL (NULL:0) (xtop:0x00007FF641AE0000) ( 0x0, 0x415adc10, 0x0, 0xffffffff ) 
0x00007FF642927C3D	NULL (NULL:0) (xtop:0x00007FF641AE0000) ( 0x2, 0x0, 0x14000021, 0x0 ) 
0x00007FF64297147B	NULL (NULL:0) (xtop:0x00007FF641AE0000) ( 0x7e507d00, 0x1b819c10, 0x1b819ae8, 0x7e301ca0 ) 
0x00007FFC1B7A5327	NULL (NULL:0) (libui_sh:0x00007FFC1B530000) ( 0x1, 0x6a0ebdc, 0x6757a60, 0x14000021 ) 
0x00007FFC1B6A774A	NULL (NULL:0) (libui_sh:0x00007FFC1B530000) ( 0x7e507d00, 0x0, 0x14000021, 0x48428fbe ) 
0x00007FF647C1F7FA	NULL (NULL:0) (xtop:0x00007FF641AE0000) ( 0x415ade60, 0x0, 0x0, 0x0 ) 
0x00007FF647C1A7A9	NULL (NULL:0) (xtop:0x00007FF641AE0000) ( 0x415ae000, 0x415ae220, 0x0, 0xffffffff ) 
0x00007FF64841F352	NULL (NULL:0) (xtop:0x00007FF641AE0000) ( 0x0, 0x0, 0x0, 0x36 ) 
0x00007FF6484229D4	NULL (NULL:0) (xtop:0x00007FF641AE0000) ( 0xe, 0x415ae220, 0x415ae170, 0xd ) 
0x00007FF64841F9D4	NULL (NULL:0) (xtop:0x00007FF641AE0000) ( 0x1, 0x0, 0xe, 0x36 ) 
0x00007FF64842AF37	NULL (NULL:0) (xtop:0x00007FF641AE0000) ( 0x1, 0xd, 0x415ae4c0, 0x4d938428 ) 
0x00007FF648424754	NULL (NULL:0) (xtop:0x00007FF641AE0000) ( 0x0, 0x0, 0x0, 0x0 ) 
0x00007FFC39A1945B	NULL (NULL:0) (coretools_sh:0x00007FFC399D0000) ( 0x0, 0xfb1b650, 0x14000021, 0x0 ) 
0x00007FF64842ACE9	NULL (NULL:0) (xtop:0x00007FF641AE0000) ( 0x0, 0x20, 0x20, 0x1 ) 
0x00007FF642E2D4DF	NULL (NULL:0) (xtop:0x00007FF641AE0000) ( 0x14000021, 0x20, 0x20, 0x20 ) 
0x00007FF6447A335D	NULL (NULL:0) (xtop:0x00007FF641AE0000) ( 0x1, 0x415ae670, 0x1, 0x0 ) 
0x00007FF64296060D	NULL (NULL:0) (xtop:0x00007FF641AE0000) ( 0xfb1b650, 0x230, 0xfb1b650, 0x0 ) 
0x00007FF642982223	NULL (NULL:0) (xtop:0x00007FF641AE0000) ( 0x415aed30, 0x0, 0x0, 0x800005 ) 
0x00007FF6429A1C16	NULL (NULL:0) (xtop:0x00007FF641AE0000) ( 0x0, 0x0, 0xf, 0x0 ) 
0x00007FF6429A2506	NULL (NULL:0) (xtop:0x00007FF641AE0000) ( 0x415aed30, 0x415aed18, 0x415aed14, 0xc0869ff ) 
0x00007FF6447A28FC	NULL (NULL:0) (xtop:0x00007FF641AE0000) ( 0x31a52968, 0x1, 0x3ed, 0x3ed ) 
0x00007FF64298539F	NULL (NULL:0) (xtop:0x00007FF641AE0000) ( 0x0, 0x3ed, 0x415af0f0, 0x0 ) 
0x00007FF64297B67A	NULL (NULL:0) (xtop:0x00007FF641AE0000) ( 0x800005, 0x1b819c10, 0x1b819ae8, 0x7e53ead0 ) 
0x00007FFC1B7A5327	NULL (NULL:0) (libui_sh:0x00007FFC1B530000) ( 0x1, 0x6a0ebdc, 0x6757a60, 0x280000c ) 
0x00007FFC1B6A774A	NULL (NULL:0) (libui_sh:0x00007FFC1B530000) ( 0x7e5ca580, 0x0, 0x280000c, 0x48428fbe ) 
0x00007FF647C1F7FA	NULL (NULL:0) (xtop:0x00007FF641AE0000) ( 0x415af340, 0x0, 0x0, 0x7e1cedf8 ) 
0x00007FF647C1A7A9	NULL (NULL:0) (xtop:0x00007FF641AE0000) ( 0x415af600, 0x415af650, 0x7e1cedb0, 0xffffffff ) 
0x00007FF64841F352	NULL (NULL:0) (xtop:0x00007FF641AE0000) ( 0x0, 0x7e1cedb0, 0x7e1cedf8, 0x0 ) 
0x00007FF64841FA7E	NULL (NULL:0) (xtop:0x00007FF641AE0000) ( 0x0, 0x0, 0x26, 0x0 ) 
0x00007FF64842AF37	NULL (NULL:0) (xtop:0x00007FF641AE0000) ( 0x1, 0x2, 0x415af8f0, 0x4d938428 ) 
0x00007FF648424754	NULL (NULL:0) (xtop:0x00007FF641AE0000) ( 0x7, 0x76ab0cc0, 0x0, 0x0 ) 
0x00007FFC39A1945B	NULL (NULL:0) (coretools_sh:0x00007FFC399D0000) ( 0x4d240800, 0x0, 0x4, 0x44a5419a ) 
0x00007FF64842ACE9	NULL (NULL:0) (xtop:0x00007FF641AE0000) ( 0x0, 0x0, 0x0, 0x76ab0cc0 ) 
0x00007FF6429A2106	NULL (NULL:0) (xtop:0x00007FF641AE0000) ( 0x51ac90d0, 0x4, 0x0, 0x0 ) 
0x00007FF64289CB6A	NULL (NULL:0) (xtop:0x00007FF641AE0000) ( 0x51ac90d0, 0x0, 0x0, 0x4 ) 
0x00007FF64A01E73A	NULL (NULL:0) (xtop:0x00007FF641AE0000) ( 0x1, 0x415afa00, 0x51ac90d0, 0x0 ) 
0x00007FF64A01E64A	NULL (NULL:0) (xtop:0x00007FF641AE0000) ( 0xa, 0x0, 0x0, 0x0 ) 
0x00007FF64A01AB42	NULL (NULL:0) (xtop:0x00007FF641AE0000) ( 0x0, 0x0, 0x0, 0x0 ) 
0x00007FFC55157C24	NULL (NULL:0) (KERNEL32:0x00007FFC55140000) ( 0x0, 0x0, 0x0, 0x0 ) 

Thread 308
=====================
0x00007FFC538E9A84	NULL (NULL:0) (win32u:0x00007FFC538E0000) ( 0xad0776, 0x54f48757, 0xad0776, 0x24d5a9e0 ) 
0x00007FFC54F51CBD	NULL (NULL:0) (USER32:0x00007FFC54F30000) ( 0x0, 0x4346f8d9, 0x779a6190, 0x0 ) 
0x00007FFC24D48D24	NULL (NULL:0) (asyncoremt:0x00007FFC24D10000) ( 0x779a4dc0, 0x779a4dc0, 0x779a3ba0, 0x77a60870 ) 
0x00007FFC24D42F1F	NULL (NULL:0) (asyncoremt:0x00007FFC24D10000) ( 0x779a4dc0, 0x779a5ec0, 0x79d4e018, 0x779a3ba0 ) 
0x00007FFC24D42C7A	NULL (NULL:0) (asyncoremt:0x00007FFC24D10000) ( 0x779908f0, 0x0, 0x779a5ec0, 0x0 ) 
0x00007FFC24D4305F	NULL (NULL:0) (asyncoremt:0x00007FFC24D10000) ( 0x77ac9820, 0x0, 0x0, 0x0 ) 
0x00007FFC52F510B2	NULL (NULL:0) (ucrtbase:0x00007FFC52F30000) ( 0x0, 0x0, 0x0, 0x0 ) 
0x00007FFC55157C24	NULL (NULL:0) (KERNEL32:0x00007FFC55140000) ( 0x0, 0x0, 0x0, 0x0 ) 

Thread 4072
=====================
0x00007FFC558FD244	NULL (NULL:0) (ntdll:0x00007FFC55860000) ( 0x5156, 0x559c3580, 0x40d50000, 0x558aa7c4 ) 
0x00007FFC52C32AE7	NULL (NULL:0) (KERNELBASE:0x00007FFC52BE0000) ( 0xffffffff, 0x779a4f20, 0x79df0018, 0x43c1fa50 ) 
0x00007FFC24D1F8C6	NULL (NULL:0) (asyncoremt:0x00007FFC24D10000) ( 0xb273cac1, 0xb273cac1, 0x1, 0x779a4f20 ) 
0x00007FFC24D18174	NULL (NULL:0) (asyncoremt:0x00007FFC24D10000) ( 0x1, 0x779a4ed0, 0x3, 0x0 ) 
0x00007FFC24D48E2E	NULL (NULL:0) (asyncoremt:0x00007FFC24D10000) ( 0x79d4e018, 0x24c301d2, 0x79d4dcf0, 0x79d4dcf0 ) 
0x00007FFC24D42F1F	NULL (NULL:0) (asyncoremt:0x00007FFC24D10000) ( 0x779a4ed0, 0x779a6380, 0x79d4e018, 0x779a3740 ) 
0x00007FFC24D42C7A	NULL (NULL:0) (asyncoremt:0x00007FFC24D10000) ( 0x779908f0, 0x0, 0x779a6380, 0x0 ) 
0x00007FFC24D4305F	NULL (NULL:0) (asyncoremt:0x00007FFC24D10000) ( 0x77ac90d0, 0x0, 0x0, 0x0 ) 
0x00007FFC52F510B2	NULL (NULL:0) (ucrtbase:0x00007FFC52F30000) ( 0x0, 0x0, 0x0, 0x0 ) 
0x00007FFC55157C24	NULL (NULL:0) (KERNEL32:0x00007FFC55140000) ( 0x0, 0x0, 0x0, 0x0 ) 

Thread 9888
=====================
0x00007FFC558FD244	NULL (NULL:0) (ntdll:0x00007FFC55860000) ( 0xcdcc, 0x8cf35576, 0x77971950, 0x5589b91f ) 
0x00007FFC52C32AE7	NULL (NULL:0) (KERNELBASE:0x00007FFC52BE0000) ( 0x1, 0x779a5cf8, 0x79df2298, 0x443cf980 ) 
0x00007FFC24D1F8C6	NULL (NULL:0) (asyncoremt:0x00007FFC24D10000) ( 0xb27cd28a, 0xb27cd28a, 0x1, 0x779a5cf8 ) 
0x00007FFC24D18174	NULL (NULL:0) (asyncoremt:0x00007FFC24D10000) ( 0x1, 0x779a5ca0, 0x779a6840, 0xb3adeef0 ) 
0x00007FFC24D48E9E	NULL (NULL:0) (asyncoremt:0x00007FFC24D10000) ( 0x779a5ca0, 0x24c3b4b1, 0x4, 0x779a6840 ) 
0x00007FFC24D43907	NULL (NULL:0) (asyncoremt:0x00007FFC24D10000) ( 0x779a5ca0, 0x779a5ca0, 0x779a3ce0, 0x779a5ea0 ) 
0x00007FFC24D42F1F	NULL (NULL:0) (asyncoremt:0x00007FFC24D10000) ( 0x779a5ca0, 0x779a6840, 0x79d4e018, 0x779a3ce0 ) 
0x00007FFC24D42C7A	NULL (NULL:0) (asyncoremt:0x00007FFC24D10000) ( 0x779908f0, 0x0, 0x779a6840, 0x0 ) 
0x00007FFC24D4305F	NULL (NULL:0) (asyncoremt:0x00007FFC24D10000) ( 0x7692d880, 0x0, 0x0, 0x0 ) 
0x00007FFC52F510B2	NULL (NULL:0) (ucrtbase:0x00007FFC52F30000) ( 0x0, 0x0, 0x0, 0x0 ) 
0x00007FFC55157C24	NULL (NULL:0) (KERNEL32:0x00007FFC55140000) ( 0x0, 0x0, 0x0, 0x0 ) 

Thread 2320
=====================
0x00007FFC558FC774	NULL (NULL:0) (ntdll:0x00007FFC55860000) ( 0x10, 0x24c31fdb, 0x79fa92a0, 0x77bf0870 ) 
0x00007FFC52C21E93	NULL (NULL:0) (KERNELBASE:0x00007FFC52BE0000) ( 0x76987998, 0x0, 0x0, 0x640 ) 
0x00007FFC2490166B	NULL (NULL:0) (baselibmt:0x00007FFC248D0000) ( 0x0, 0x1, 0x8, 0x77990bf8 ) 
0x00007FFC249C6BE5	NULL (NULL:0) (baselibmt:0x00007FFC248D0000) ( 0x0, 0x768f8a00, 0x76987980, 0x7fffffff ) 
0x00007FFC52F510B2	NULL (NULL:0) (ucrtbase:0x00007FFC52F30000) ( 0x0, 0x0, 0x0, 0x0 ) 
0x00007FFC55157C24	NULL (NULL:0) (KERNEL32:0x00007FFC55140000) ( 0x0, 0x0, 0x0, 0x0 ) 

Thread 14636
=====================
0x00007FFC55900084	NULL (NULL:0) (ntdll:0x00007FFC55860000) ( 0x7a233b98, 0x7a233b98, 0x768f1f40, 0x0 ) 
0x00007FFC55893FE0	NULL (NULL:0) (ntdll:0x00007FFC55860000) ( 0x0, 0x0, 0x0, 0x0 ) 
0x00007FFC55157C24	NULL (NULL:0) (KERNEL32:0x00007FFC55140000) ( 0x0, 0x0, 0x0, 0x0 ) 

Thread 1700
=====================
0x00007FFC558FCD74	NULL (NULL:0) (ntdll:0x00007FFC55860000) ( 0x4799f6c8, 0x77bf0870, 0x0, 0x779ac870 ) 
0x00007FFC52C2FC21	NULL (NULL:0) (KERNELBASE:0x00007FFC52BE0000) ( 0x0, 0x0, 0xc00000bb, 0x0 ) 
0x00007FF642D45893	NULL (NULL:0) (xtop:0x00007FF641AE0000) ( 0x779a8ec0, 0x779a34c0, 0x79d4e018, 0x0 ) 
0x00007FFC24D42F1F	NULL (NULL:0) (asyncoremt:0x00007FFC24D10000) ( 0x779a8ec0, 0x779ac900, 0x79d4e018, 0x779a34c0 ) 
0x00007FFC24D42C7A	NULL (NULL:0) (asyncoremt:0x00007FFC24D10000) ( 0x779908f0, 0x0, 0x779ac900, 0x0 ) 
0x00007FFC24D4305F	NULL (NULL:0) (asyncoremt:0x00007FFC24D10000) ( 0x77b31df0, 0x0, 0x0, 0x0 ) 
0x00007FFC52F510B2	NULL (NULL:0) (ucrtbase:0x00007FFC52F30000) ( 0x0, 0x0, 0x0, 0x0 ) 
0x00007FFC55157C24	NULL (NULL:0) (KERNEL32:0x00007FFC55140000) ( 0x0, 0x0, 0x0, 0x0 ) 

Thread 2896
=====================
0x00007FFC558FD244	NULL (NULL:0) (ntdll:0x00007FFC55860000) ( 0x0, 0x0, 0x0, 0x0 ) 
0x00007FFC52C32AE7	NULL (NULL:0) (KERNELBASE:0x00007FFC52BE0000) ( 0x0, 0x0, 0x0, 0x0 ) 
0x00007FFC52C329CE	NULL (NULL:0) (KERNELBASE:0x00007FFC52BE0000) ( 0x0, 0x0, 0x0, 0x0 ) 
0x00007FF648486F38	NULL (NULL:0) (xtop:0x00007FF641AE0000) ( 0x0, 0x0, 0x0, 0x0 ) 
0x00007FFC55157C24	NULL (NULL:0) (KERNEL32:0x00007FFC55140000) ( 0x0, 0x0, 0x0, 0x0 ) 

Thread 2672
=====================
0x00007FFC558FC774	NULL (NULL:0) (ntdll:0x00007FFC55860000) ( 0x0, 0x1a800, 0x1, 0x0 ) 
0x00007FFC52C21E93	NULL (NULL:0) (KERNELBASE:0x00007FFC52BE0000) ( 0x7ac36080, 0x7ac36080, 0x0, 0xa0c ) 
0x00007FFBF9CC5FAA	NULL (NULL:0) (nvoglv64:0x00007FFBF9060000) ( 0x103, 0x7b194e08, 0x7b194e08, 0x7ac36080 ) 
0x00007FFBF9A42F74	NULL (NULL:0) (nvoglv64:0x00007FFBF9060000) ( 0x7b195200, 0x0, 0x7b1952c0, 0x0 ) 
0x00007FFBF9A42AD3	NULL (NULL:0) (nvoglv64:0x00007FFBF9060000) ( 0x7b1952c0, 0x0, 0x0, 0x0 ) 
0x00007FFBF9CC70E8	NULL (NULL:0) (nvoglv64:0x00007FFBF9060000) ( 0x0, 0x0, 0x0, 0x0 ) 
0x00007FFC55157C24	NULL (NULL:0) (KERNEL32:0x00007FFC55140000) ( 0x0, 0x0, 0x0, 0x0 ) 

Thread 12708
=====================
0x00007FFC558FD244	NULL (NULL:0) (ntdll:0x00007FFC55860000) ( 0x0, 0x0, 0x0, 0x0 ) 
0x00007FFC52C32AE7	NULL (NULL:0) (KERNELBASE:0x00007FFC52BE0000) ( 0x0, 0x0, 0x7a42d9f0, 0x0 ) 
0x00007FFC52C329CE	NULL (NULL:0) (KERNELBASE:0x00007FFC52BE0000) ( 0x490af880, 0x0, 0x7a42d9f0, 0x0 ) 
0x00007FFBF9CFEF47	NULL (NULL:0) (nvoglv64:0x00007FFBF9060000) ( 0x7b203a60, 0x7a3bad40, 0x0, 0x0 ) 
0x00007FFBF9CFE479	NULL (NULL:0) (nvoglv64:0x00007FFBF9060000) ( 0x0, 0x0, 0x0, 0x0 ) 
0x00007FFBFA1B95F8	NULL (NULL:0) (nvoglv64:0x00007FFBF9060000) ( 0x0, 0x0, 0x0, 0x0 ) 
0x00007FFC55157C24	NULL (NULL:0) (KERNEL32:0x00007FFC55140000) ( 0x0, 0x0, 0x0, 0x0 ) 

Thread 12400
=====================
0x00007FFC558FE964	NULL (NULL:0) (ntdll:0x00007FFC55860000) ( 0x0, 0x0, 0x0, 0x0 ) 
0x00007FFC52BECB10	NULL (NULL:0) (KERNELBASE:0x00007FFC52BE0000) ( 0x0, 0x0, 0x0, 0x0 ) 
0x00007FFC1B6FFEEE	NULL (NULL:0) (libui_sh:0x00007FFC1B530000) ( 0x4, 0x1, 0x4, 0x7a43da08 ) 
0x00007FFC55157C24	NULL (NULL:0) (KERNEL32:0x00007FFC55140000) ( 0x0, 0x0, 0x0, 0x0 ) 

Thread 13564
=====================
0x00007FFC558FC774	NULL (NULL:0) (ntdll:0x00007FFC55860000) ( 0x1, 0x24d42a4d, 0x3bb0a60, 0x3bb1410 ) 
0x00007FFC52C21E93	NULL (NULL:0) (KERNELBASE:0x00007FFC52BE0000) ( 0x79d4e018, 0x0, 0x0, 0xbb4 ) 
0x00007FFC24901697	NULL (NULL:0) (baselibmt:0x00007FFC248D0000) ( 0x79d4e018, 0x3bb0a60, 0x79d4e018, 0x3bb0a60 ) 
0x00007FFC24D42D65	NULL (NULL:0) (asyncoremt:0x00007FFC24D10000) ( 0x779908f0, 0x0, 0x779b37f0, 0x0 ) 
0x00007FFC24D4305F	NULL (NULL:0) (asyncoremt:0x00007FFC24D10000) ( 0x7b3d1300, 0x0, 0x0, 0x0 ) 
0x00007FFC52F510B2	NULL (NULL:0) (ucrtbase:0x00007FFC52F30000) ( 0x0, 0x0, 0x0, 0x0 ) 
0x00007FFC55157C24	NULL (NULL:0) (KERNEL32:0x00007FFC55140000) ( 0x0, 0x0, 0x0, 0x0 ) 

Thread 7988
=====================
0x00007FFC558FC774	NULL (NULL:0) (ntdll:0x00007FFC55860000) ( 0x1, 0x24d42a4d, 0x3bb2c80, 0x3bb1ba0 ) 
0x00007FFC52C21E93	NULL (NULL:0) (KERNELBASE:0x00007FFC52BE0000) ( 0x79d4e018, 0x0, 0x0, 0xbac ) 
0x00007FFC24901697	NULL (NULL:0) (baselibmt:0x00007FFC248D0000) ( 0x79d4e018, 0x3bb2c80, 0x79d4e018, 0x3bb2c80 ) 
0x00007FFC24D42D65	NULL (NULL:0) (asyncoremt:0x00007FFC24D10000) ( 0x779908f0, 0x0, 0x779b4de0, 0x0 ) 
0x00007FFC24D4305F	NULL (NULL:0) (asyncoremt:0x00007FFC24D10000) ( 0x7b3d16f0, 0x0, 0x0, 0x0 ) 
0x00007FFC52F510B2	NULL (NULL:0) (ucrtbase:0x00007FFC52F30000) ( 0x0, 0x0, 0x0, 0x0 ) 
0x00007FFC55157C24	NULL (NULL:0) (KERNEL32:0x00007FFC55140000) ( 0x0, 0x0, 0x0, 0x0 ) 

Thread 13264
=====================
0x00007FFC558FC774	NULL (NULL:0) (ntdll:0x00007FFC55860000) ( 0x10, 0x24c31fdb, 0x79fa2b68, 0x77bf0870 ) 
0x00007FFC52C21E93	NULL (NULL:0) (KERNELBASE:0x00007FFC52BE0000) ( 0x7b394dd8, 0x0, 0x0, 0xbbc ) 
0x00007FFC2490166B	NULL (NULL:0) (baselibmt:0x00007FFC248D0000) ( 0x0, 0x1, 0x8, 0x77990bf8 ) 
0x00007FFC249C6BE5	NULL (NULL:0) (baselibmt:0x00007FFC248D0000) ( 0x0, 0x7b3d1300, 0x7b394dc0, 0x7fffffff ) 
0x00007FFC52F510B2	NULL (NULL:0) (ucrtbase:0x00007FFC52F30000) ( 0x0, 0x0, 0x0, 0x0 ) 
0x00007FFC55157C24	NULL (NULL:0) (KERNEL32:0x00007FFC55140000) ( 0x0, 0x0, 0x0, 0x0 ) 

Thread 9748
=====================
0x00007FFC558FC774	NULL (NULL:0) (ntdll:0x00007FFC55860000) ( 0x1, 0x24d42a4d, 0x3bb0b00, 0x3bb1210 ) 
0x00007FFC52C21E93	NULL (NULL:0) (KERNELBASE:0x00007FFC52BE0000) ( 0x79d4e018, 0xffff, 0x0, 0xc38 ) 
0x00007FFC24901697	NULL (NULL:0) (baselibmt:0x00007FFC248D0000) ( 0x79d4e018, 0x3bb0b00, 0x79d4e018, 0x3bb0b00 ) 
0x00007FFC24D42D65	NULL (NULL:0) (asyncoremt:0x00007FFC24D10000) ( 0x779908f0, 0x0, 0x3b734d0, 0x0 ) 
0x00007FFC24D4305F	NULL (NULL:0) (asyncoremt:0x00007FFC24D10000) ( 0x7b3ac4a0, 0x0, 0x0, 0x0 ) 
0x00007FFC52F510B2	NULL (NULL:0) (ucrtbase:0x00007FFC52F30000) ( 0x0, 0x0, 0x0, 0x0 ) 
0x00007FFC55157C24	NULL (NULL:0) (KERNEL32:0x00007FFC55140000) ( 0x0, 0x0, 0x0, 0x0 ) 

Thread 14308
=====================
0x00007FFC558FD244	NULL (NULL:0) (ntdll:0x00007FFC55860000) ( 0x0, 0x0, 0x0, 0x0 ) 
0x00007FFC52C32AE7	NULL (NULL:0) (KERNELBASE:0x00007FFC52BE0000) ( 0x0, 0x0, 0x4c68140, 0x0 ) 
0x00007FFC52C329CE	NULL (NULL:0) (KERNELBASE:0x00007FFC52BE0000) ( 0x0, 0x0, 0x0, 0x0 ) 
0x00007FFBF9D27128	NULL (NULL:0) (nvoglv64:0x00007FFBF9060000) ( 0x0, 0x0, 0x0, 0x0 ) 
0x00007FFC55157C24	NULL (NULL:0) (KERNEL32:0x00007FFC55140000) ( 0x0, 0x0, 0x0, 0x0 ) 

Thread 9144
=====================
0x00007FFC538E9A84	NULL (NULL:0) (win32u:0x00007FFC538E0000) ( 0xc050992f, 0xf9cc8ae0, 0xf9060000, 0x0 ) 
0x00007FFC54F51CBD	NULL (NULL:0) (USER32:0x00007FFC54F30000) ( 0x0, 0x52c488db, 0x0, 0xf9060000 ) 
0x00007FFC54F51BA3	NULL (NULL:0) (USER32:0x00007FFC54F30000) ( 0x0, 0x4dd8fb70, 0x0, 0x7b43f980 ) 
0x00007FFBF9CBE49F	NULL (NULL:0) (nvoglv64:0x00007FFBF9060000) ( 0x0, 0x0, 0x0, 0x0 ) 
0x00007FFC55157C24	NULL (NULL:0) (KERNEL32:0x00007FFC55140000) ( 0x0, 0x0, 0x0, 0x0 ) 

Thread 13944
=====================
0x00007FFC558FC774	NULL (NULL:0) (ntdll:0x00007FFC55860000) ( 0x8, 0x24c31fdb, 0x79fb0308, 0x77bf0870 ) 
0x00007FFC52C21E93	NULL (NULL:0) (KERNELBASE:0x00007FFC52BE0000) ( 0x51fb548, 0x0, 0x0, 0xc40 ) 
0x00007FFC2490166B	NULL (NULL:0) (baselibmt:0x00007FFC248D0000) ( 0x0, 0x1, 0x8, 0x77990bf8 ) 
0x00007FFC249C6BE5	NULL (NULL:0) (baselibmt:0x00007FFC248D0000) ( 0x0, 0x51bef00, 0x51fb530, 0x7fffffff ) 
0x00007FFC52F510B2	NULL (NULL:0) (ucrtbase:0x00007FFC52F30000) ( 0x0, 0x0, 0x0, 0x0 ) 
0x00007FFC55157C24	NULL (NULL:0) (KERNEL32:0x00007FFC55140000) ( 0x0, 0x0, 0x0, 0x0 ) 

Thread 3208
=====================
0x00007FFC558FCD74	NULL (NULL:0) (ntdll:0x00007FFC55860000) ( 0x4f4ef868, 0x7a1bc638, 0x7e641890, 0x39a1aae9 ) 
0x00007FFC52C2FC21	NULL (NULL:0) (KERNELBASE:0x00007FFC52BE0000) ( 0x0, 0x0, 0xc00000bb, 0x0 ) 
0x00007FFC249C5728	NULL (NULL:0) (baselibmt:0x00007FFC248D0000) ( 0x1, 0x1, 0x1, 0x7c97630 ) 
0x00007FF64712A1B6	NULL (NULL:0) (xtop:0x00007FF641AE0000) ( 0x7e6433c8, 0x0, 0x0, 0x83c89f8 ) 
0x00007FFC39A1A5E4	NULL (NULL:0) (coretools_sh:0x00007FFC399D0000) ( 0x0, 0x0, 0x0, 0x0 ) 
0x00007FFC249C69A2	NULL (NULL:0) (baselibmt:0x00007FFC248D0000) ( 0x0, 0x52af700, 0x51fa9b0, 0x0 ) 
0x00007FFC52F510B2	NULL (NULL:0) (ucrtbase:0x00007FFC52F30000) ( 0x0, 0x0, 0x0, 0x0 ) 
0x00007FFC55157C24	NULL (NULL:0) (KERNEL32:0x00007FFC55140000) ( 0x0, 0x0, 0x0, 0x0 ) 

Thread 9152
=====================
0x00007FFC558FC774	NULL (NULL:0) (ntdll:0x00007FFC55860000) ( 0x0, 0x24d466e7, 0x0, 0x0 ) 
0x00007FFC52C21E93	NULL (NULL:0) (KERNELBASE:0x00007FFC52BE0000) ( 0x24da6138, 0xef143f0, 0x0, 0x470 ) 
0x00007FFC2490166B	NULL (NULL:0) (baselibmt:0x00007FFC248D0000) ( 0x3b94580, 0x3b944b0, 0x1, 0x3b94580 ) 
0x00007FFC24D46F95	NULL (NULL:0) (asyncoremt:0x00007FFC24D10000) ( 0x1, 0xc765, 0x0, 0x0 ) 
0x00007FFC249C69A2	NULL (NULL:0) (baselibmt:0x00007FFC248D0000) ( 0x0, 0x4fdc400, 0x51fbd30, 0x0 ) 
0x00007FFC52F510B2	NULL (NULL:0) (ucrtbase:0x00007FFC52F30000) ( 0x0, 0x0, 0x0, 0x0 ) 
0x00007FFC55157C24	NULL (NULL:0) (KERNEL32:0x00007FFC55140000) ( 0x0, 0x0, 0x0, 0x0 ) 

Thread 1176
=====================
0x00007FFC558FC774	NULL (NULL:0) (ntdll:0x00007FFC55860000) ( 0xffffffff, 0x3, 0x3b7f2c0, 0x558a06e1 ) 
0x00007FFC52C21E93	NULL (NULL:0) (KERNELBASE:0x00007FFC52BE0000) ( 0x24da6138, 0x79d4cfd0, 0x0, 0x470 ) 
0x00007FFC2490166B	NULL (NULL:0) (baselibmt:0x00007FFC248D0000) ( 0x3b94970, 0x3b948a0, 0x1, 0x3b94970 ) 
0x00007FFC24D46F95	NULL (NULL:0) (asyncoremt:0x00007FFC24D10000) ( 0x1, 0xc76a, 0x0, 0x0 ) 
0x00007FFC249C69A2	NULL (NULL:0) (baselibmt:0x00007FFC248D0000) ( 0x0, 0x4fdc300, 0x51fa730, 0x0 ) 
0x00007FFC52F510B2	NULL (NULL:0) (ucrtbase:0x00007FFC52F30000) ( 0x0, 0x0, 0x0, 0x0 ) 
0x00007FFC55157C24	NULL (NULL:0) (KERNEL32:0x00007FFC55140000) ( 0x0, 0x0, 0x0, 0x0 ) 

Thread 7540
=====================
0x00007FFC558FC774	NULL (NULL:0) (ntdll:0x00007FFC55860000) ( 0x0, 0x24d466e7, 0x77c77608, 0x0 ) 
0x00007FFC52C21E93	NULL (NULL:0) (KERNELBASE:0x00007FFC52BE0000) ( 0x24da6138, 0xef80000, 0x0, 0x470 ) 
0x00007FFC2490166B	NULL (NULL:0) (baselibmt:0x00007FFC248D0000) ( 0x3b94820, 0x3b94750, 0x1, 0x3b94820 ) 
0x00007FFC24D46F95	NULL (NULL:0) (asyncoremt:0x00007FFC24D10000) ( 0x1, 0xce53e, 0x0, 0x0 ) 
0x00007FFC249C69A2	NULL (NULL:0) (baselibmt:0x00007FFC248D0000) ( 0x0, 0x4fdc500, 0x51fbf30, 0x0 ) 
0x00007FFC52F510B2	NULL (NULL:0) (ucrtbase:0x00007FFC52F30000) ( 0x0, 0x0, 0x0, 0x0 ) 
0x00007FFC55157C24	NULL (NULL:0) (KERNEL32:0x00007FFC55140000) ( 0x0, 0x0, 0x0, 0x0 ) 

Thread 14744
=====================
0x00007FFC558FD244	NULL (NULL:0) (ntdll:0x00007FFC55860000) ( 0x45004e, 0x34315ac1, 0x650072, 0x750047 ) 
0x00007FFC52C32AE7	NULL (NULL:0) (KERNELBASE:0x00007FFC52BE0000) ( 0x14616160, 0x4e53fdf9, 0x14616160, 0x14616160 ) 
0x00007FFC34427A2F	NULL (NULL:0) (clr:0x00007FFC34310000) ( 0x14616160, 0x14616160, 0x0, 0x145154a0 ) 
0x00007FFC3442794B	NULL (NULL:0) (clr:0x00007FFC34310000) ( 0x0, 0x0, 0x0, 0x0 ) 
0x00007FFC34427841	NULL (NULL:0) (clr:0x00007FFC34310000) ( 0x0, 0x0, 0x0, 0x0 ) 
0x00007FFC55157C24	NULL (NULL:0) (KERNEL32:0x00007FFC55140000) ( 0x0, 0x0, 0x0, 0x0 ) 

Thread 14216
=====================
0x00007FFC558FD244	NULL (NULL:0) (ntdll:0x00007FFC55860000) ( 0x513af2b0, 0x52c4384c, 0x0, 0x120 ) 
0x00007FFC52C32AE7	NULL (NULL:0) (KERNELBASE:0x00007FFC52BE0000) ( 0x0, 0x0, 0x0, 0x0 ) 
0x00007FFC344BFE37	NULL (NULL:0) (clr:0x00007FFC34310000) ( 0x344a7320, 0x513af748, 0x18, 0x34315a73 ) 
0x00007FFC344A7373	NULL (NULL:0) (clr:0x00007FFC34310000) ( 0x513af748, 0x344a7320, 0x513af860, 0x513af270 ) 
0x00007FFC34317CD0	NULL (NULL:0) (clr:0x00007FFC34310000) ( 0x513af748, 0x145bde20, 0x513af1e8, 0x513af270 ) 
0x00007FFC34317C43	NULL (NULL:0) (clr:0x00007FFC34310000) ( 0x513af748, 0x0, 0x513af1e8, 0x513af270 ) 
0x00007FFC34317B82	NULL (NULL:0) (clr:0x00007FFC34310000) ( 0xffffffff, 0x145bde20, 0x513af1e8, 0x513af270 ) 
0x00007FFC34417EB6	NULL (NULL:0) (clr:0x00007FFC34310000) ( 0x0, 0x0, 0x0, 0x34417da0 ) 
0x00007FFC3431B5B5	NULL (NULL:0) (clr:0x00007FFC34310000) ( 0x0, 0x0, 0x0, 0x0 ) 
0x00007FFC55157C24	NULL (NULL:0) (KERNEL32:0x00007FFC55140000) ( 0x0, 0x0, 0x0, 0x0 ) 

Thread 860
=====================
0x00007FFC558FCD74	NULL (NULL:0) (ntdll:0x00007FFC55860000) ( 0x51b5f998, 0x39a61f0d, 0x5fc69365, 0x2d680d08 ) 
0x00007FFC52C2FC21	NULL (NULL:0) (KERNELBASE:0x00007FFC52BE0000) ( 0x46e67aa0, 0x0, 0xc00000bb, 0x0 ) 
0x00007FFC31872359	NULL (NULL:0) (exitlogger_app_sh:0x00007FFC31870000) ( 0x3c, 0x12c, 0x0, 0x558b3bd0 ) 
0x00007FFC249C69A2	NULL (NULL:0) (baselibmt:0x00007FFC248D0000) ( 0x0, 0x51c0800, 0x146a3ba0, 0x0 ) 
0x00007FFC52F510B2	NULL (NULL:0) (ucrtbase:0x00007FFC52F30000) ( 0x0, 0x0, 0x0, 0x0 ) 
0x00007FFC55157C24	NULL (NULL:0) (KERNEL32:0x00007FFC55140000) ( 0x0, 0x0, 0x0, 0x0 ) 

Thread 6960
=====================
0x00007FFC558FC774	NULL (NULL:0) (ntdll:0x00007FFC55860000) ( 0x1, 0x24d42a4d, 0x3bbccc0, 0x3bafef0 ) 
0x00007FFC52C21E93	NULL (NULL:0) (KERNELBASE:0x00007FFC52BE0000) ( 0x79d4e018, 0x0, 0x0, 0x13fc ) 
0x00007FFC24901697	NULL (NULL:0) (baselibmt:0x00007FFC248D0000) ( 0x79d4e018, 0x3bbccc0, 0x79d4e018, 0x3bbccc0 ) 
0x00007FFC24D42D65	NULL (NULL:0) (asyncoremt:0x00007FFC24D10000) ( 0x779908f0, 0x0, 0x3b9f110, 0x0 ) 
0x00007FFC24D4305F	NULL (NULL:0) (asyncoremt:0x00007FFC24D10000) ( 0x51c0cf0, 0x0, 0x0, 0x0 ) 
0x00007FFC52F510B2	NULL (NULL:0) (ucrtbase:0x00007FFC52F30000) ( 0x0, 0x0, 0x0, 0x0 ) 
0x00007FFC55157C24	NULL (NULL:0) (KERNEL32:0x00007FFC55140000) ( 0x0, 0x0, 0x0, 0x0 ) 

Thread 11924
=====================
0x00007FFC558FC814	NULL (NULL:0) (ntdll:0x00007FFC55860000) ( 0x0, 0x0, 0x1, 0x51f00000 ) 
0x00007FFC51F10BF8	NULL (NULL:0) (mswsock:0x00007FFC51F00000) ( 0x51f03ac0, 0x14767ee0, 0x0, 0x0 ) 
0x00007FFC55157C24	NULL (NULL:0) (KERNEL32:0x00007FFC55140000) ( 0x0, 0x0, 0x0, 0x0 ) 

Thread 32
=====================
0x00007FFC55900084	NULL (NULL:0) (ntdll:0x00007FFC55860000) ( 0x7a244bd8, 0x7a244bd8, 0x768e0b50, 0x0 ) 
0x00007FFC55893FE0	NULL (NULL:0) (ntdll:0x00007FFC55860000) ( 0x0, 0x0, 0x0, 0x0 ) 
0x00007FFC55157C24	NULL (NULL:0) (KERNEL32:0x00007FFC55140000) ( 0x0, 0x0, 0x0, 0x0 ) 

Thread 14732
=====================
0x00007FFC55900084	NULL (NULL:0) (ntdll:0x00007FFC55860000) ( 0x7a244db8, 0x7a244db8, 0x768e0b50, 0x0 ) 
0x00007FFC55893FE0	NULL (NULL:0) (ntdll:0x00007FFC55860000) ( 0x0, 0x0, 0x0, 0x0 ) 
0x00007FFC55157C24	NULL (NULL:0) (KERNEL32:0x00007FFC55140000) ( 0x0, 0x0, 0x0, 0x0 ) 

Thread 11172
=====================
0x00007FFC55900084	NULL (NULL:0) (ntdll:0x00007FFC55860000) ( 0x7699ae88, 0x7699ae88, 0x768e0b50, 0x0 ) 
0x00007FFC55893FE0	NULL (NULL:0) (ntdll:0x00007FFC55860000) ( 0x0, 0x0, 0x0, 0x0 ) 
0x00007FFC55157C24	NULL (NULL:0) (KERNEL32:0x00007FFC55140000) ( 0x0, 0x0, 0x0, 0x0 ) 

Thread 1672
=====================
0x00007FFC55900084	NULL (NULL:0) (ntdll:0x00007FFC55860000) ( 0x7690a070, 0x7690a070, 0x76927190, 0x0 ) 
0x00007FFC55893FE0	NULL (NULL:0) (ntdll:0x00007FFC55860000) ( 0x0, 0x0, 0x0, 0x0 ) 
0x00007FFC55157C24	NULL (NULL:0) (KERNEL32:0x00007FFC55140000) ( 0x0, 0x0, 0x0, 0x0 ) 

Thread 8880
=====================
0x00007FFC55900084	NULL (NULL:0) (ntdll:0x00007FFC55860000) ( 0x0, 0x40d45000, 0x76927190, 0x0 ) 
0x00007FFC55893FE0	NULL (NULL:0) (ntdll:0x00007FFC55860000) ( 0x0, 0x0, 0x0, 0x0 ) 
0x00007FFC55157C24	NULL (NULL:0) (KERNEL32:0x00007FFC55140000) ( 0x0, 0x0, 0x0, 0x0 ) 
